<?xml version="1.0" encoding="UTF-8"?>
<testng-results ignored="0" total="1" passed="1" failed="0" skipped="0">
  <reporter-output>
  </reporter-output>
  <suite started-at="2024-06-08T16:19:42 IST" name="Suite" finished-at="2024-06-08T16:20:33 IST" duration-ms="51503">
    <groups>
    </groups>
    <test started-at="2024-06-08T16:19:42 IST" name="Test" finished-at="2024-06-08T16:20:33 IST" duration-ms="51503">
      <class name="comprehension.sample.RequestLiveDemo">
        <test-method is-config="true" signature="setUp()[pri:0, instance:comprehension.sample.RequestLiveDemo@662b4c69]" started-at="2024-06-08T16:19:42 IST" name="setUp" finished-at="2024-06-08T16:19:48 IST" duration-ms="6208" status="PASS">
          <reporter-output>
          </reporter-output>
        </test-method> <!-- setUp -->
        <test-method signature="loginPage()[pri:0, instance:comprehension.sample.RequestLiveDemo@662b4c69]" started-at="2024-06-08T16:19:48 IST" name="loginPage" finished-at="2024-06-08T16:20:32 IST" duration-ms="44076" status="PASS">
          <reporter-output>
          </reporter-output>
        </test-method> <!-- loginPage -->
        <test-method is-config="true" signature="tearDown()[pri:0, instance:comprehension.sample.RequestLiveDemo@662b4c69]" started-at="2024-06-08T16:20:32 IST" name="tearDown" finished-at="2024-06-08T16:20:33 IST" duration-ms="1039" status="PASS">
          <reporter-output>
          </reporter-output>
        </test-method> <!-- tearDown -->
      </class> <!-- comprehension.sample.RequestLiveDemo -->
    </test> <!-- Test -->
  </suite> <!-- Suite -->
</testng-results>
